[16/Feb/2019 14:50:44] "GET /leaderboard HTTP/1.1" 200 6720
[16/Feb/2019 14:50:46] "GET /leaderboard HTTP/1.1" 200 6720
[16/Feb/2019 14:50:47] "GET /static/plugins/font-awesome-4.7.0/css/font-awesome.min.css HTTP/1.1" 304 0
[16/Feb/2019 14:50:47] "GET /static/plugins/OwlCarousel2-2.2.1/owl.theme.default.css HTTP/1.1" 304 0
[16/Feb/2019 14:50:47] "GET /static/styles/bootstrap-4.1.2/bootstrap.min.css HTTP/1.1" 304 0
[16/Feb/2019 14:50:47] "GET /static/plugins/OwlCarousel2-2.2.1/owl.carousel.css HTTP/1.1" 304 0
[16/Feb/2019 14:50:47] "GET /static/plugins/OwlCarousel2-2.2.1/animate.css HTTP/1.1" 304 0
[16/Feb/2019 14:50:47] "GET /static/styles/responsive.css HTTP/1.1" 304 0
[16/Feb/2019 14:50:47] "GET /static/styles/login.css HTTP/1.1" 304 0
[16/Feb/2019 14:50:47] "GET /static/styles/main_styles.css HTTP/1.1" 304 0
[16/Feb/2019 14:50:47] "GET /static/images/cloud_full.png HTTP/1.1" 304 0
[16/Feb/2019 14:50:47] "GET /static/styles/leaderboard.css HTTP/1.1" 304 0
[16/Feb/2019 14:50:47] "GET /static/images/city.png HTTP/1.1" 304 0
[16/Feb/2019 14:50:47] "GET /static/images/cloud.png HTTP/1.1" 304 0
[16/Feb/2019 14:50:47] "GET /static/js/jquery-3.2.1.min.js HTTP/1.1" 304 0
[16/Feb/2019 14:50:47] "GET /static/styles/bootstrap-4.1.2/popper.js HTTP/1.1" 304 0
[16/Feb/2019 14:50:47] "GET /static/styles/bootstrap-4.1.2/bootstrap.min.js HTTP/1.1" 304 0
[16/Feb/2019 14:50:48] "GET /static/plugins/greensock/TweenMax.min.js HTTP/1.1" 304 0
[16/Feb/2019 14:50:48] "GET /static/plugins/greensock/TimelineMax.min.js HTTP/1.1" 304 0
[16/Feb/2019 14:50:48] "GET /static/plugins/scrollmagic/ScrollMagic.min.js HTTP/1.1" 304 0
[16/Feb/2019 14:50:48] "GET /static/plugins/greensock/animation.gsap.min.js HTTP/1.1" 304 0
[16/Feb/2019 14:50:48] "GET /static/plugins/OwlCarousel2-2.2.1/owl.carousel.js HTTP/1.1" 304 0
[16/Feb/2019 14:50:48] "GET /static/plugins/greensock/ScrollToPlugin.min.js HTTP/1.1" 304 0
[16/Feb/2019 14:50:48] "GET /static/plugins/easing/easing.js HTTP/1.1" 304 0
[16/Feb/2019 14:50:48] "GET /static/plugins/progressbar/progressbar.min.js HTTP/1.1" 304 0
[16/Feb/2019 14:50:48] "GET /static/plugins/parallax-js-master/parallax.min.js HTTP/1.1" 304 0
[16/Feb/2019 14:50:49] "GET /static/images/icon.jpg HTTP/1.1" 200 79581
[16/Feb/2019 14:51:00] "GET /admin/ HTTP/1.1" 302 0
[16/Feb/2019 14:51:00] "GET /admin/login/?next=/admin/ HTTP/1.1" 200 1819
[16/Feb/2019 14:51:07] "POST /admin/login/?next=/admin/ HTTP/1.1" 200 1981
[16/Feb/2019 14:51:12] "POST /admin/login/?next=/admin/ HTTP/1.1" 200 1981
[16/Feb/2019 14:51:32] "POST /admin/login/?next=/admin/ HTTP/1.1" 302 0
[16/Feb/2019 14:51:32] "GET /admin/ HTTP/1.1" 200 8302
[16/Feb/2019 14:52:57] "GET /admin/user_detail/profile/ HTTP/1.1" 200 4595
[16/Feb/2019 14:52:58] "GET /admin/jsi18n/ HTTP/1.1" 200 3185
[16/Feb/2019 14:53:03] "POST /admin/user_detail/profile/ HTTP/1.1" 200 3362
[16/Feb/2019 14:53:05] "POST /admin/user_detail/profile/ HTTP/1.1" 302 0
[16/Feb/2019 14:53:06] "GET /admin/user_detail/profile/ HTTP/1.1" 200 4493
[16/Feb/2019 14:53:06] "GET /admin/user_detail/profile/ HTTP/1.1" 200 4370
[16/Feb/2019 14:53:06] "GET /admin/jsi18n/ HTTP/1.1" 200 3185
[16/Feb/2019 14:53:09] "GET /admin/ HTTP/1.1" 200 8248
